<?xml version="1.0" encoding="utf-8"?><testsuites><testsuite name="pytest" errors="0" failures="0" skipped="0" tests="22" time="4.742" timestamp="2026-08-11T10:47:13.116025+07:00" hostname="LAPTOP-UQDT508P"><testcase classname="tests.test_agent_prompt_trace" name="test_agent_links_prompt_version_to_trace_and_generation" time="0.670" /><testcase classname="tests.test_challenge_config.ChallengeConfigTests" name="test_explicit_practice_incident_does_not_require_release_file" time="0.001" /><testcase classname="tests.test_challenge_config.ChallengeConfigTests" name="test_missing_challenge_explains_that_coach_has_not_released_it" time="0.001" /><testcase classname="tests.test_challenge_config.ChallengeConfigTests" name="test_official_incident_comes_from_release_file" time="0.005" /><testcase classname="tests.test_challenge_config.ChallengeConfigTests" name="test_query_order_is_deterministic_for_the_released_seed" time="0.001" /><testcase classname="tests.test_challenge_config.ChallengeConfigTests" name="test_unknown_incident_is_rejected" time="0.005" /><testcase classname="tests.test_challenge_config.ChallengeConfigTests" name="test_valid_challenge_is_loaded" time="0.004" /><testcase classname="tests.test_chat_observability" name="test_chat_response_log_exposes_quality_for_dashboard" time="1.709" /><testcase classname="tests.test_cli_windows_encoding.WindowsCliEncodingTests" name="test_help_does_not_crash_when_terminal_uses_cp1258" time="0.600" /><testcase classname="tests.test_dashboard_validator" name="test_repository_dashboard_contract_is_valid" time="0.203" /><testcase classname="tests.test_dashboard_validator" name="test_validator_rejects_panel_without_threshold" time="0.199" /><testcase classname="tests.test_dashboard_validator" name="test_validator_rejects_panel_without_query_example" time="0.215" /><testcase classname="tests.test_metrics" name="test_percentile_basic" time="0.001" /><testcase classname="tests.test_pii" name="test_scrub_email" time="0.001" /><testcase classname="tests.test_pii" name="test_scrub_common_vietnamese_phone_formats" time="0.002" /><testcase classname="tests.test_prompt_management" name="test_local_prompt_fallback_keeps_lab_runnable_without_langfuse" time="0.002" /><testcase classname="tests.test_prompt_management" name="test_langfuse_prompt_version_and_label_are_resolved" time="0.002" /><testcase classname="tests.test_prompt_management" name="test_prompt_fetch_failure_uses_visible_local_fallback" time="0.001" /><testcase classname="tests.test_prompt_management" name="test_sdk_fallback_is_not_reported_as_managed_prompt" time="0.002" /><testcase classname="tests.test_tracing_adapter.TracingAdapterTests" name="test_adapter_uses_the_installed_langfuse_v3_api" time="0.001" /><testcase classname="tests.test_tracing_adapter.TracingAdapterTests" name="test_tracing_is_disabled_without_both_keys" time="0.007" /><testcase classname="tests.test_validate_logs" name="test_validator_detects_raw_vietnamese_phone" time="0.008" /></testsuite></testsuites>